{"level":"info","message":"Monitor iniciado."}
{"level":"info","message":"Verificando atualizações..."}
{"level":"info","message":"Antes: sha256:7bb8c58cb7175e73aa8cc09339f80e385a095b7a6d9b41c14eea6a1e546290b4"}
{"level":"info","message":"Depois: sha256:7bb8c58cb7175e73aa8cc09339f80e385a095b7a6d9b41c14eea6a1e546290b4"}
{"level":"info","message":"Nenhuma atualização."}
{"level":"info","message":"Verificando atualizações..."}
{"level":"info","message":"Antes: sha256:7bb8c58cb7175e73aa8cc09339f80e385a095b7a6d9b41c14eea6a1e546290b4"}
{"level":"info","message":"Depois: sha256:7bb8c58cb7175e73aa8cc09339f80e385a095b7a6d9b41c14eea6a1e546290b4"}
{"level":"info","message":"Nenhuma atualização."}
{"level":"info","message":"Verificando atualizações..."}
{"level":"info","message":"Antes: sha256:7bb8c58cb7175e73aa8cc09339f80e385a095b7a6d9b41c14eea6a1e546290b4"}
{"level":"info","message":"Depois: sha256:7bb8c58cb7175e73aa8cc09339f80e385a095b7a6d9b41c14eea6a1e546290b4"}
{"level":"info","message":"Nenhuma atualização."}
{"level":"info","message":"Verificando atualizações..."}
{"level":"info","message":"Antes: sha256:7bb8c58cb7175e73aa8cc09339f80e385a095b7a6d9b41c14eea6a1e546290b4"}
{"level":"info","message":"Depois: sha256:7bb8c58cb7175e73aa8cc09339f80e385a095b7a6d9b41c14eea6a1e546290b4"}
{"level":"info","message":"Nenhuma atualização."}
{"level":"info","message":"Verificando atualizações..."}
{"level":"info","message":"Antes: sha256:7bb8c58cb7175e73aa8cc09339f80e385a095b7a6d9b41c14eea6a1e546290b4"}
{"level":"info","message":"Depois: sha256:7bb8c58cb7175e73aa8cc09339f80e385a095b7a6d9b41c14eea6a1e546290b4"}
{"level":"info","message":"Nenhuma atualização."}
{"level":"info","message":"Verificando atualizações..."}
{"level":"info","message":"Antes: sha256:7bb8c58cb7175e73aa8cc09339f80e385a095b7a6d9b41c14eea6a1e546290b4"}
{"level":"info","message":"Depois: sha256:7bb8c58cb7175e73aa8cc09339f80e385a095b7a6d9b41c14eea6a1e546290b4"}
{"level":"info","message":"Nenhuma atualização."}
{"level":"info","message":"Monitor iniciado."}
{"level":"info","message":"Verificando atualizações..."}
{"level":"info","message":"Antes: sha256:7bb8c58cb7175e73aa8cc09339f80e385a095b7a6d9b41c14eea6a1e546290b4"}
{"level":"info","message":"Depois: sha256:7bb8c58cb7175e73aa8cc09339f80e385a095b7a6d9b41c14eea6a1e546290b4"}
{"level":"info","message":"Nenhuma atualização."}
{"level":"info","message":"Verificando atualizações..."}
{"level":"info","message":"Antes: sha256:7bb8c58cb7175e73aa8cc09339f80e385a095b7a6d9b41c14eea6a1e546290b4"}
{"level":"info","message":"Depois: sha256:7bb8c58cb7175e73aa8cc09339f80e385a095b7a6d9b41c14eea6a1e546290b4"}
{"level":"info","message":"Nenhuma atualização."}
{"level":"info","message":"Verificando atualizações..."}
{"level":"info","message":"Antes: sha256:7bb8c58cb7175e73aa8cc09339f80e385a095b7a6d9b41c14eea6a1e546290b4"}
{"level":"info","message":"Depois: sha256:7bb8c58cb7175e73aa8cc09339f80e385a095b7a6d9b41c14eea6a1e546290b4"}
{"level":"info","message":"Nenhuma atualização."}
{"level":"info","message":"Verificando atualizações..."}
{"level":"info","message":"Antes: sha256:9807e95b317847250d8874ce2dc355e135f3202b5908b9137c1710761e430033"}
{"level":"info","message":"Depois: sha256:7bb8c58cb7175e73aa8cc09339f80e385a095b7a6d9b41c14eea6a1e546290b4"}
{"level":"info","message":"Nova versão detectada."}
{"level":"info","message":"Atualização concluída."}
{"level":"info","message":"Verificando atualizações..."}
{"level":"info","message":"Antes: sha256:7bb8c58cb7175e73aa8cc09339f80e385a095b7a6d9b41c14eea6a1e546290b4"}
{"level":"info","message":"Depois: sha256:9807e95b317847250d8874ce2dc355e135f3202b5908b9137c1710761e430033"}
{"level":"info","message":"Nova versão detectada."}
{"level":"info","message":"Atualização concluída."}
{"level":"info","message":"Verificando atualizações..."}
{"level":"info","message":"Antes: sha256:9807e95b317847250d8874ce2dc355e135f3202b5908b9137c1710761e430033"}
{"level":"info","message":"Depois: sha256:9807e95b317847250d8874ce2dc355e135f3202b5908b9137c1710761e430033"}
{"level":"info","message":"Nenhuma atualização."}
{"level":"info","message":"Verificando atualizações..."}
{"level":"info","message":"Antes: sha256:9807e95b317847250d8874ce2dc355e135f3202b5908b9137c1710761e430033"}
{"level":"info","message":"Depois: sha256:9807e95b317847250d8874ce2dc355e135f3202b5908b9137c1710761e430033"}
{"level":"info","message":"Nenhuma atualização."}
{"level":"info","message":"Verificando atualizações..."}
{"level":"info","message":"Antes: sha256:9807e95b317847250d8874ce2dc355e135f3202b5908b9137c1710761e430033"}
{"level":"info","message":"Depois: sha256:9807e95b317847250d8874ce2dc355e135f3202b5908b9137c1710761e430033"}
{"level":"info","message":"Nenhuma atualização."}
